  game.cpp
C:\Users\Filip\source\repos\Gra\external\include\SFML\System\Exception.hpp(41,47): warning C4275: interfejs niebędący interfejsem dll class "std::runtime_error"użyto jako podstawowego dla interfejsu biblioteki dll class "sf::Exception"
  (kompilowanie pliku źródłowego „game.cpp”)
      C:\Program Files\Microsoft Visual Studio\2022\Community\VC\Tools\MSVC\14.42.34433\include\stdexcept(100,19):
      zobacz deklarację „std::runtime_error”
      C:\Users\Filip\source\repos\Gra\external\include\SFML\System\Exception.hpp(41,23):
      zobacz deklarację „sf::Exception”
  
C:\Users\Filip\source\repos\Gra\Gra\mapa.h(33,72): warning C4244: "argument": konwersja z "unsigned int" do "T", możliwa utrata danych
C:\Users\Filip\source\repos\Gra\Gra\mapa.h(33,72): warning C4244:         with
C:\Users\Filip\source\repos\Gra\Gra\mapa.h(33,72): warning C4244:         [
C:\Users\Filip\source\repos\Gra\Gra\mapa.h(33,72): warning C4244:             T=float
C:\Users\Filip\source\repos\Gra\Gra\mapa.h(33,72): warning C4244:         ]
  (kompilowanie pliku źródłowego „game.cpp”)
  
C:\Users\Filip\source\repos\Gra\Gra\mapa.h(33,56): warning C4244: "argument": konwersja z "unsigned int" do "T", możliwa utrata danych
C:\Users\Filip\source\repos\Gra\Gra\mapa.h(33,56): warning C4244:         with
C:\Users\Filip\source\repos\Gra\Gra\mapa.h(33,56): warning C4244:         [
C:\Users\Filip\source\repos\Gra\Gra\mapa.h(33,56): warning C4244:             T=float
C:\Users\Filip\source\repos\Gra\Gra\mapa.h(33,56): warning C4244:         ]
  (kompilowanie pliku źródłowego „game.cpp”)
  
C:\Users\Filip\source\repos\Gra\Gra\mapa.h(34,78): warning C4244: "argument": konwersja z "unsigned int" do "T", możliwa utrata danych
C:\Users\Filip\source\repos\Gra\Gra\mapa.h(34,78): warning C4244:         with
C:\Users\Filip\source\repos\Gra\Gra\mapa.h(34,78): warning C4244:         [
C:\Users\Filip\source\repos\Gra\Gra\mapa.h(34,78): warning C4244:             T=float
C:\Users\Filip\source\repos\Gra\Gra\mapa.h(34,78): warning C4244:         ]
  (kompilowanie pliku źródłowego „game.cpp”)
  
C:\Users\Filip\source\repos\Gra\Gra\mapa.h(34,62): warning C4244: "argument": konwersja z "unsigned int" do "T", możliwa utrata danych
C:\Users\Filip\source\repos\Gra\Gra\mapa.h(34,62): warning C4244:         with
C:\Users\Filip\source\repos\Gra\Gra\mapa.h(34,62): warning C4244:         [
C:\Users\Filip\source\repos\Gra\Gra\mapa.h(34,62): warning C4244:             T=float
C:\Users\Filip\source\repos\Gra\Gra\mapa.h(34,62): warning C4244:         ]
  (kompilowanie pliku źródłowego „game.cpp”)
  
C:\Users\Filip\source\repos\Gra\Gra\mapa.h(35,78): warning C4244: "argument": konwersja z "unsigned int" do "T", możliwa utrata danych
C:\Users\Filip\source\repos\Gra\Gra\mapa.h(35,78): warning C4244:         with
C:\Users\Filip\source\repos\Gra\Gra\mapa.h(35,78): warning C4244:         [
C:\Users\Filip\source\repos\Gra\Gra\mapa.h(35,78): warning C4244:             T=float
C:\Users\Filip\source\repos\Gra\Gra\mapa.h(35,78): warning C4244:         ]
  (kompilowanie pliku źródłowego „game.cpp”)
  
C:\Users\Filip\source\repos\Gra\Gra\mapa.h(35,56): warning C4244: "argument": konwersja z "unsigned int" do "T", możliwa utrata danych
C:\Users\Filip\source\repos\Gra\Gra\mapa.h(35,56): warning C4244:         with
C:\Users\Filip\source\repos\Gra\Gra\mapa.h(35,56): warning C4244:         [
C:\Users\Filip\source\repos\Gra\Gra\mapa.h(35,56): warning C4244:             T=float
C:\Users\Filip\source\repos\Gra\Gra\mapa.h(35,56): warning C4244:         ]
  (kompilowanie pliku źródłowego „game.cpp”)
  
C:\Users\Filip\source\repos\Gra\Gra\mapa.h(36,78): warning C4244: "argument": konwersja z "unsigned int" do "T", możliwa utrata danych
C:\Users\Filip\source\repos\Gra\Gra\mapa.h(36,78): warning C4244:         with
C:\Users\Filip\source\repos\Gra\Gra\mapa.h(36,78): warning C4244:         [
C:\Users\Filip\source\repos\Gra\Gra\mapa.h(36,78): warning C4244:             T=float
C:\Users\Filip\source\repos\Gra\Gra\mapa.h(36,78): warning C4244:         ]
  (kompilowanie pliku źródłowego „game.cpp”)
  
C:\Users\Filip\source\repos\Gra\Gra\mapa.h(36,56): warning C4244: "argument": konwersja z "unsigned int" do "T", możliwa utrata danych
C:\Users\Filip\source\repos\Gra\Gra\mapa.h(36,56): warning C4244:         with
C:\Users\Filip\source\repos\Gra\Gra\mapa.h(36,56): warning C4244:         [
C:\Users\Filip\source\repos\Gra\Gra\mapa.h(36,56): warning C4244:             T=float
C:\Users\Filip\source\repos\Gra\Gra\mapa.h(36,56): warning C4244:         ]
  (kompilowanie pliku źródłowego „game.cpp”)
  
C:\Users\Filip\source\repos\Gra\Gra\mapa.h(37,78): warning C4244: "argument": konwersja z "unsigned int" do "T", możliwa utrata danych
C:\Users\Filip\source\repos\Gra\Gra\mapa.h(37,78): warning C4244:         with
C:\Users\Filip\source\repos\Gra\Gra\mapa.h(37,78): warning C4244:         [
C:\Users\Filip\source\repos\Gra\Gra\mapa.h(37,78): warning C4244:             T=float
C:\Users\Filip\source\repos\Gra\Gra\mapa.h(37,78): warning C4244:         ]
  (kompilowanie pliku źródłowego „game.cpp”)
  
C:\Users\Filip\source\repos\Gra\Gra\mapa.h(37,62): warning C4244: "argument": konwersja z "unsigned int" do "T", możliwa utrata danych
C:\Users\Filip\source\repos\Gra\Gra\mapa.h(37,62): warning C4244:         with
C:\Users\Filip\source\repos\Gra\Gra\mapa.h(37,62): warning C4244:         [
C:\Users\Filip\source\repos\Gra\Gra\mapa.h(37,62): warning C4244:             T=float
C:\Users\Filip\source\repos\Gra\Gra\mapa.h(37,62): warning C4244:         ]
  (kompilowanie pliku źródłowego „game.cpp”)
  
C:\Users\Filip\source\repos\Gra\Gra\mapa.h(38,84): warning C4244: "argument": konwersja z "unsigned int" do "T", możliwa utrata danych
C:\Users\Filip\source\repos\Gra\Gra\mapa.h(38,84): warning C4244:         with
C:\Users\Filip\source\repos\Gra\Gra\mapa.h(38,84): warning C4244:         [
C:\Users\Filip\source\repos\Gra\Gra\mapa.h(38,84): warning C4244:             T=float
C:\Users\Filip\source\repos\Gra\Gra\mapa.h(38,84): warning C4244:         ]
  (kompilowanie pliku źródłowego „game.cpp”)
  
C:\Users\Filip\source\repos\Gra\Gra\mapa.h(38,62): warning C4244: "argument": konwersja z "unsigned int" do "T", możliwa utrata danych
C:\Users\Filip\source\repos\Gra\Gra\mapa.h(38,62): warning C4244:         with
C:\Users\Filip\source\repos\Gra\Gra\mapa.h(38,62): warning C4244:         [
C:\Users\Filip\source\repos\Gra\Gra\mapa.h(38,62): warning C4244:             T=float
C:\Users\Filip\source\repos\Gra\Gra\mapa.h(38,62): warning C4244:         ]
  (kompilowanie pliku źródłowego „game.cpp”)
  
C:\Users\Filip\source\repos\Gra\Gra\mapa.h(41,75): warning C4244: "argument": konwersja z "T" do "T", możliwa utrata danych
C:\Users\Filip\source\repos\Gra\Gra\mapa.h(41,75): warning C4244:         with
C:\Users\Filip\source\repos\Gra\Gra\mapa.h(41,75): warning C4244:         [
C:\Users\Filip\source\repos\Gra\Gra\mapa.h(41,75): warning C4244:             T=unsigned int
C:\Users\Filip\source\repos\Gra\Gra\mapa.h(41,75): warning C4244:         ]
C:\Users\Filip\source\repos\Gra\Gra\mapa.h(41,75): warning C4244:         and
C:\Users\Filip\source\repos\Gra\Gra\mapa.h(41,75): warning C4244:         [
C:\Users\Filip\source\repos\Gra\Gra\mapa.h(41,75): warning C4244:             T=float
C:\Users\Filip\source\repos\Gra\Gra\mapa.h(41,75): warning C4244:         ]
  (kompilowanie pliku źródłowego „game.cpp”)
  
C:\Users\Filip\source\repos\Gra\Gra\mapa.h(41,58): warning C4244: "argument": konwersja z "T" do "T", możliwa utrata danych
C:\Users\Filip\source\repos\Gra\Gra\mapa.h(41,58): warning C4244:         with
C:\Users\Filip\source\repos\Gra\Gra\mapa.h(41,58): warning C4244:         [
C:\Users\Filip\source\repos\Gra\Gra\mapa.h(41,58): warning C4244:             T=unsigned int
C:\Users\Filip\source\repos\Gra\Gra\mapa.h(41,58): warning C4244:         ]
C:\Users\Filip\source\repos\Gra\Gra\mapa.h(41,58): warning C4244:         and
C:\Users\Filip\source\repos\Gra\Gra\mapa.h(41,58): warning C4244:         [
C:\Users\Filip\source\repos\Gra\Gra\mapa.h(41,58): warning C4244:             T=float
C:\Users\Filip\source\repos\Gra\Gra\mapa.h(41,58): warning C4244:         ]
  (kompilowanie pliku źródłowego „game.cpp”)
  
C:\Users\Filip\source\repos\Gra\Gra\mapa.h(42,81): warning C4244: "argument": konwersja z "T" do "T", możliwa utrata danych
C:\Users\Filip\source\repos\Gra\Gra\mapa.h(42,81): warning C4244:         with
C:\Users\Filip\source\repos\Gra\Gra\mapa.h(42,81): warning C4244:         [
C:\Users\Filip\source\repos\Gra\Gra\mapa.h(42,81): warning C4244:             T=unsigned int
C:\Users\Filip\source\repos\Gra\Gra\mapa.h(42,81): warning C4244:         ]
C:\Users\Filip\source\repos\Gra\Gra\mapa.h(42,81): warning C4244:         and
C:\Users\Filip\source\repos\Gra\Gra\mapa.h(42,81): warning C4244:         [
C:\Users\Filip\source\repos\Gra\Gra\mapa.h(42,81): warning C4244:             T=float
C:\Users\Filip\source\repos\Gra\Gra\mapa.h(42,81): warning C4244:         ]
  (kompilowanie pliku źródłowego „game.cpp”)
  
C:\Users\Filip\source\repos\Gra\Gra\mapa.h(42,64): warning C4244: "argument": konwersja z "T" do "T", możliwa utrata danych
C:\Users\Filip\source\repos\Gra\Gra\mapa.h(42,64): warning C4244:         with
C:\Users\Filip\source\repos\Gra\Gra\mapa.h(42,64): warning C4244:         [
C:\Users\Filip\source\repos\Gra\Gra\mapa.h(42,64): warning C4244:             T=unsigned int
C:\Users\Filip\source\repos\Gra\Gra\mapa.h(42,64): warning C4244:         ]
C:\Users\Filip\source\repos\Gra\Gra\mapa.h(42,64): warning C4244:         and
C:\Users\Filip\source\repos\Gra\Gra\mapa.h(42,64): warning C4244:         [
C:\Users\Filip\source\repos\Gra\Gra\mapa.h(42,64): warning C4244:             T=float
C:\Users\Filip\source\repos\Gra\Gra\mapa.h(42,64): warning C4244:         ]
  (kompilowanie pliku źródłowego „game.cpp”)
  
C:\Users\Filip\source\repos\Gra\Gra\mapa.h(43,81): warning C4244: "argument": konwersja z "T" do "T", możliwa utrata danych
C:\Users\Filip\source\repos\Gra\Gra\mapa.h(43,81): warning C4244:         with
C:\Users\Filip\source\repos\Gra\Gra\mapa.h(43,81): warning C4244:         [
C:\Users\Filip\source\repos\Gra\Gra\mapa.h(43,81): warning C4244:             T=unsigned int
C:\Users\Filip\source\repos\Gra\Gra\mapa.h(43,81): warning C4244:         ]
C:\Users\Filip\source\repos\Gra\Gra\mapa.h(43,81): warning C4244:         and
C:\Users\Filip\source\repos\Gra\Gra\mapa.h(43,81): warning C4244:         [
C:\Users\Filip\source\repos\Gra\Gra\mapa.h(43,81): warning C4244:             T=float
C:\Users\Filip\source\repos\Gra\Gra\mapa.h(43,81): warning C4244:         ]
  (kompilowanie pliku źródłowego „game.cpp”)
  
C:\Users\Filip\source\repos\Gra\Gra\mapa.h(43,58): warning C4244: "argument": konwersja z "T" do "T", możliwa utrata danych
C:\Users\Filip\source\repos\Gra\Gra\mapa.h(43,58): warning C4244:         with
C:\Users\Filip\source\repos\Gra\Gra\mapa.h(43,58): warning C4244:         [
C:\Users\Filip\source\repos\Gra\Gra\mapa.h(43,58): warning C4244:             T=unsigned int
C:\Users\Filip\source\repos\Gra\Gra\mapa.h(43,58): warning C4244:         ]
C:\Users\Filip\source\repos\Gra\Gra\mapa.h(43,58): warning C4244:         and
C:\Users\Filip\source\repos\Gra\Gra\mapa.h(43,58): warning C4244:         [
C:\Users\Filip\source\repos\Gra\Gra\mapa.h(43,58): warning C4244:             T=float
C:\Users\Filip\source\repos\Gra\Gra\mapa.h(43,58): warning C4244:         ]
  (kompilowanie pliku źródłowego „game.cpp”)
  
C:\Users\Filip\source\repos\Gra\Gra\mapa.h(44,81): warning C4244: "argument": konwersja z "T" do "T", możliwa utrata danych
C:\Users\Filip\source\repos\Gra\Gra\mapa.h(44,81): warning C4244:         with
C:\Users\Filip\source\repos\Gra\Gra\mapa.h(44,81): warning C4244:         [
C:\Users\Filip\source\repos\Gra\Gra\mapa.h(44,81): warning C4244:             T=unsigned int
C:\Users\Filip\source\repos\Gra\Gra\mapa.h(44,81): warning C4244:         ]
C:\Users\Filip\source\repos\Gra\Gra\mapa.h(44,81): warning C4244:         and
C:\Users\Filip\source\repos\Gra\Gra\mapa.h(44,81): warning C4244:         [
C:\Users\Filip\source\repos\Gra\Gra\mapa.h(44,81): warning C4244:             T=float
C:\Users\Filip\source\repos\Gra\Gra\mapa.h(44,81): warning C4244:         ]
  (kompilowanie pliku źródłowego „game.cpp”)
  
C:\Users\Filip\source\repos\Gra\Gra\mapa.h(44,58): warning C4244: "argument": konwersja z "T" do "T", możliwa utrata danych
C:\Users\Filip\source\repos\Gra\Gra\mapa.h(44,58): warning C4244:         with
C:\Users\Filip\source\repos\Gra\Gra\mapa.h(44,58): warning C4244:         [
C:\Users\Filip\source\repos\Gra\Gra\mapa.h(44,58): warning C4244:             T=unsigned int
C:\Users\Filip\source\repos\Gra\Gra\mapa.h(44,58): warning C4244:         ]
C:\Users\Filip\source\repos\Gra\Gra\mapa.h(44,58): warning C4244:         and
C:\Users\Filip\source\repos\Gra\Gra\mapa.h(44,58): warning C4244:         [
C:\Users\Filip\source\repos\Gra\Gra\mapa.h(44,58): warning C4244:             T=float
C:\Users\Filip\source\repos\Gra\Gra\mapa.h(44,58): warning C4244:         ]
  (kompilowanie pliku źródłowego „game.cpp”)
  
C:\Users\Filip\source\repos\Gra\Gra\mapa.h(45,81): warning C4244: "argument": konwersja z "T" do "T", możliwa utrata danych
C:\Users\Filip\source\repos\Gra\Gra\mapa.h(45,81): warning C4244:         with
C:\Users\Filip\source\repos\Gra\Gra\mapa.h(45,81): warning C4244:         [
C:\Users\Filip\source\repos\Gra\Gra\mapa.h(45,81): warning C4244:             T=unsigned int
C:\Users\Filip\source\repos\Gra\Gra\mapa.h(45,81): warning C4244:         ]
C:\Users\Filip\source\repos\Gra\Gra\mapa.h(45,81): warning C4244:         and
C:\Users\Filip\source\repos\Gra\Gra\mapa.h(45,81): warning C4244:         [
C:\Users\Filip\source\repos\Gra\Gra\mapa.h(45,81): warning C4244:             T=float
C:\Users\Filip\source\repos\Gra\Gra\mapa.h(45,81): warning C4244:         ]
  (kompilowanie pliku źródłowego „game.cpp”)
  
C:\Users\Filip\source\repos\Gra\Gra\mapa.h(45,64): warning C4244: "argument": konwersja z "T" do "T", możliwa utrata danych
C:\Users\Filip\source\repos\Gra\Gra\mapa.h(45,64): warning C4244:         with
C:\Users\Filip\source\repos\Gra\Gra\mapa.h(45,64): warning C4244:         [
C:\Users\Filip\source\repos\Gra\Gra\mapa.h(45,64): warning C4244:             T=unsigned int
C:\Users\Filip\source\repos\Gra\Gra\mapa.h(45,64): warning C4244:         ]
C:\Users\Filip\source\repos\Gra\Gra\mapa.h(45,64): warning C4244:         and
C:\Users\Filip\source\repos\Gra\Gra\mapa.h(45,64): warning C4244:         [
C:\Users\Filip\source\repos\Gra\Gra\mapa.h(45,64): warning C4244:             T=float
C:\Users\Filip\source\repos\Gra\Gra\mapa.h(45,64): warning C4244:         ]
  (kompilowanie pliku źródłowego „game.cpp”)
  
C:\Users\Filip\source\repos\Gra\Gra\mapa.h(46,87): warning C4244: "argument": konwersja z "T" do "T", możliwa utrata danych
C:\Users\Filip\source\repos\Gra\Gra\mapa.h(46,87): warning C4244:         with
C:\Users\Filip\source\repos\Gra\Gra\mapa.h(46,87): warning C4244:         [
C:\Users\Filip\source\repos\Gra\Gra\mapa.h(46,87): warning C4244:             T=unsigned int
C:\Users\Filip\source\repos\Gra\Gra\mapa.h(46,87): warning C4244:         ]
C:\Users\Filip\source\repos\Gra\Gra\mapa.h(46,87): warning C4244:         and
C:\Users\Filip\source\repos\Gra\Gra\mapa.h(46,87): warning C4244:         [
C:\Users\Filip\source\repos\Gra\Gra\mapa.h(46,87): warning C4244:             T=float
C:\Users\Filip\source\repos\Gra\Gra\mapa.h(46,87): warning C4244:         ]
  (kompilowanie pliku źródłowego „game.cpp”)
  
C:\Users\Filip\source\repos\Gra\Gra\mapa.h(46,64): warning C4244: "argument": konwersja z "T" do "T", możliwa utrata danych
C:\Users\Filip\source\repos\Gra\Gra\mapa.h(46,64): warning C4244:         with
C:\Users\Filip\source\repos\Gra\Gra\mapa.h(46,64): warning C4244:         [
C:\Users\Filip\source\repos\Gra\Gra\mapa.h(46,64): warning C4244:             T=unsigned int
C:\Users\Filip\source\repos\Gra\Gra\mapa.h(46,64): warning C4244:         ]
C:\Users\Filip\source\repos\Gra\Gra\mapa.h(46,64): warning C4244:         and
C:\Users\Filip\source\repos\Gra\Gra\mapa.h(46,64): warning C4244:         [
C:\Users\Filip\source\repos\Gra\Gra\mapa.h(46,64): warning C4244:             T=float
C:\Users\Filip\source\repos\Gra\Gra\mapa.h(46,64): warning C4244:         ]
  (kompilowanie pliku źródłowego „game.cpp”)
  
C:\Users\Filip\source\repos\Gra\Gra\game.cpp(43,1): warning C4715: "Game::initMap”: niewszystkie ścieżki kodu zwracają wartość
  Gra.vcxproj -> C:\Users\Filip\source\repos\Gra\x64\Debug\Gra.exe
